You tried to access the file "pdb_molecule" in the request.files dictionary but it does not exist.  The mimetype for the request is "application/x-www-form-urlencoded" instead of "multipart/form-data" which means that no file contents were transmitted.  To fix this error you should provide enctype="multipart/form-data" in your form.

The browser instead transmitted some file names. This was submitted: ""
Traceback (most recent call last):
  File "/home/et/miniconda3/envs/flaskenv/lib/python3.8/site-packages/flask/debughelpers.py", line 96, in __getitem__
    return oldcls.__getitem__(self, key)
  File "/home/et/miniconda3/envs/flaskenv/lib/python3.8/site-packages/werkzeug/datastructures.py", line 442, in __getitem__
    raise exceptions.BadRequestKeyError(key)
werkzeug.exceptions.BadRequestKeyError: 400 Bad Request: The browser (or proxy) sent a request that this server could not understand.

During handling of the above exception, another exception occurred:

Traceback (most recent call last):
  File "/home/et/miniconda3/envs/flaskenv/lib/python3.8/site-packages/flask/app.py", line 1950, in full_dispatch_request
    rv = self.dispatch_request()
  File "/home/et/miniconda3/envs/flaskenv/lib/python3.8/site-packages/flask/app.py", line 1936, in dispatch_request
    return self.view_functions[rule.endpoint](**req.view_args)
  File "/home/et/personal_projects/rdkit-obabel-confgen/flask_app.py", line 100, in form_handler
    pdb_file = request.files["pdb_molecule"]
  File "/home/et/miniconda3/envs/flaskenv/lib/python3.8/site-packages/flask/debughelpers.py", line 100, in __getitem__
    raise DebugFilesKeyError(request, key)
flask.debughelpers.DebugFilesKeyError: You tried to access the file "pdb_molecule" in the request.files dictionary but it does not exist.  The mimetype for the request is "application/x-www-form-urlencoded" instead of "multipart/form-data" which means that no file contents were transmitted.  To fix this error you should provide enctype="multipart/form-data" in your form.

The browser instead transmitted some file names. This was submitted: ""
You tried to access the file "pdb_molecule" in the request.files dictionary but it does not exist.  The mimetype for the request is "application/x-www-form-urlencoded" instead of "multipart/form-data" which means that no file contents were transmitted.  To fix this error you should provide enctype="multipart/form-data" in your form.

The browser instead transmitted some file names. This was submitted: ""
Traceback (most recent call last):
  File "/home/et/miniconda3/envs/flaskenv/lib/python3.8/site-packages/flask/debughelpers.py", line 96, in __getitem__
    return oldcls.__getitem__(self, key)
  File "/home/et/miniconda3/envs/flaskenv/lib/python3.8/site-packages/werkzeug/datastructures.py", line 442, in __getitem__
    raise exceptions.BadRequestKeyError(key)
werkzeug.exceptions.BadRequestKeyError: 400 Bad Request: The browser (or proxy) sent a request that this server could not understand.

During handling of the above exception, another exception occurred:

Traceback (most recent call last):
  File "/home/et/miniconda3/envs/flaskenv/lib/python3.8/site-packages/flask/app.py", line 1950, in full_dispatch_request
    rv = self.dispatch_request()
  File "/home/et/miniconda3/envs/flaskenv/lib/python3.8/site-packages/flask/app.py", line 1936, in dispatch_request
    return self.view_functions[rule.endpoint](**req.view_args)
  File "/home/et/personal_projects/rdkit-obabel-confgen/flask_app.py", line 100, in form_handler
    pdb_file = request.files["pdb_molecule"]
  File "/home/et/miniconda3/envs/flaskenv/lib/python3.8/site-packages/flask/debughelpers.py", line 100, in __getitem__
    raise DebugFilesKeyError(request, key)
flask.debughelpers.DebugFilesKeyError: You tried to access the file "pdb_molecule" in the request.files dictionary but it does not exist.  The mimetype for the request is "application/x-www-form-urlencoded" instead of "multipart/form-data" which means that no file contents were transmitted.  To fix this error you should provide enctype="multipart/form-data" in your form.

The browser instead transmitted some file names. This was submitted: ""
You tried to access the file "pdb_molecule" in the request.files dictionary but it does not exist.  The mimetype for the request is "application/x-www-form-urlencoded" instead of "multipart/form-data" which means that no file contents were transmitted.  To fix this error you should provide enctype="multipart/form-data" in your form.

The browser instead transmitted some file names. This was submitted: ""
Traceback (most recent call last):
  File "/home/et/miniconda3/envs/flaskenv/lib/python3.8/site-packages/flask/debughelpers.py", line 96, in __getitem__
    return oldcls.__getitem__(self, key)
  File "/home/et/miniconda3/envs/flaskenv/lib/python3.8/site-packages/werkzeug/datastructures.py", line 442, in __getitem__
    raise exceptions.BadRequestKeyError(key)
werkzeug.exceptions.BadRequestKeyError: 400 Bad Request: The browser (or proxy) sent a request that this server could not understand.

During handling of the above exception, another exception occurred:

Traceback (most recent call last):
  File "/home/et/miniconda3/envs/flaskenv/lib/python3.8/site-packages/flask/app.py", line 1950, in full_dispatch_request
    rv = self.dispatch_request()
  File "/home/et/miniconda3/envs/flaskenv/lib/python3.8/site-packages/flask/app.py", line 1936, in dispatch_request
    return self.view_functions[rule.endpoint](**req.view_args)
  File "/home/et/personal_projects/rdkit-obabel-confgen/flask_app.py", line 101, in form_handler
    pdb_file = request.files["pdb_molecule"]
  File "/home/et/miniconda3/envs/flaskenv/lib/python3.8/site-packages/flask/debughelpers.py", line 100, in __getitem__
    raise DebugFilesKeyError(request, key)
flask.debughelpers.DebugFilesKeyError: You tried to access the file "pdb_molecule" in the request.files dictionary but it does not exist.  The mimetype for the request is "application/x-www-form-urlencoded" instead of "multipart/form-data" which means that no file contents were transmitted.  To fix this error you should provide enctype="multipart/form-data" in your form.

The browser instead transmitted some file names. This was submitted: ""
You tried to access the file "pdb_molecule" in the request.files dictionary but it does not exist.  The mimetype for the request is "application/x-www-form-urlencoded" instead of "multipart/form-data" which means that no file contents were transmitted.  To fix this error you should provide enctype="multipart/form-data" in your form.

The browser instead transmitted some file names. This was submitted: ""
Traceback (most recent call last):
  File "/home/et/miniconda3/envs/flaskenv/lib/python3.8/site-packages/flask/debughelpers.py", line 96, in __getitem__
    return oldcls.__getitem__(self, key)
  File "/home/et/miniconda3/envs/flaskenv/lib/python3.8/site-packages/werkzeug/datastructures.py", line 442, in __getitem__
    raise exceptions.BadRequestKeyError(key)
werkzeug.exceptions.BadRequestKeyError: 400 Bad Request: The browser (or proxy) sent a request that this server could not understand.

During handling of the above exception, another exception occurred:

Traceback (most recent call last):
  File "/home/et/miniconda3/envs/flaskenv/lib/python3.8/site-packages/flask/app.py", line 1950, in full_dispatch_request
    rv = self.dispatch_request()
  File "/home/et/miniconda3/envs/flaskenv/lib/python3.8/site-packages/flask/app.py", line 1936, in dispatch_request
    return self.view_functions[rule.endpoint](**req.view_args)
  File "/home/et/personal_projects/rdkit-obabel-confgen/flask_app.py", line 101, in form_handler
    pdb_file = request.files["pdb_molecule"]
  File "/home/et/miniconda3/envs/flaskenv/lib/python3.8/site-packages/flask/debughelpers.py", line 100, in __getitem__
    raise DebugFilesKeyError(request, key)
flask.debughelpers.DebugFilesKeyError: You tried to access the file "pdb_molecule" in the request.files dictionary but it does not exist.  The mimetype for the request is "application/x-www-form-urlencoded" instead of "multipart/form-data" which means that no file contents were transmitted.  To fix this error you should provide enctype="multipart/form-data" in your form.

The browser instead transmitted some file names. This was submitted: ""
